<?xml version="1.0" encoding="UTF-8"?>
<testsuite xmlns:xsi="http://www.w3.org/2001/XMLSchema-instance" xsi:noNamespaceSchemaLocation="https://maven.apache.org/surefire/maven-surefire-plugin/xsd/surefire-test-report.xsd" version="3.0.2" name="com.example.rockStadium.controller.UserPreferenceControllerTest" time="6.092" tests="11" errors="0" skipped="0" failures="0">
  <properties>
[...]
</properties>
  <testcase name="testUpdatePreferences_Success" classname="com.example.rockStadium.controller.UserPreferenceControllerTest" time="0.645">
    <system-out><![CDATA[12:58:22.786 [main] INFO org.springframework.test.context.support.AnnotationConfigContextLoaderUtils -- Could not detect default configuration classes for test class [com.example.rockStadium.controller.UserPreferenceControllerTest]: UserPreferenceControllerTest does not declare any static, non-private, non-final, nested classes annotated with @Configuration.
12:58:23.148 [main] INFO org.springframework.boot.test.context.SpringBootTestContextBootstrapper -- Found @SpringBootConfiguration com.example.rockStadium.RockStadiumApplication for test class com.example.rockStadium.controller.UserPreferenceControllerTest

  .   ____          _            __ _ _
 /\\ / ___'_ __ _ _(_)_ __  __ _ \ \ \ \
( ( )\___ | '_ | '_| | '_ \/ _` | \ \ \ \
 \\/  ___)| |_)| | | | | || (_| |  ) ) ) )
  '  |____| .__|_| |_|_| |_\__, | / / / /
 =========|_|==============|___/=/_/_/_/

 :: Spring Boot ::                (v3.5.6)

2025-10-16T12:58:23.923-06:00  INFO 25888 --- [rockStadium] [           main] c.e.r.c.UserPreferenceControllerTest     : Starting UserPreferenceControllerTest using Java 20.0.2 with PID 25888 (started by Asus Tuf F17 in C:\Users\Asus Tuf F17\Documents\PROYECTO MARIO\demo\rockStadium)
2025-10-16T12:58:23.926-06:00  INFO 25888 --- [rockStadium] [           main] c.e.r.c.UserPreferenceControllerTest     : No active profile set, falling back to 1 default profile: "default"
2025-10-16T12:58:27.661-06:00  INFO 25888 --- [rockStadium] [           main] o.s.b.t.m.w.SpringBootMockServletContext : Initializing Spring TestDispatcherServlet ''
2025-10-16T12:58:27.661-06:00  INFO 25888 --- [rockStadium] [           main] o.s.t.web.servlet.TestDispatcherServlet  : Initializing Servlet ''
2025-10-16T12:58:27.664-06:00  INFO 25888 --- [rockStadium] [           main] o.s.t.web.servlet.TestDispatcherServlet  : Completed initialization in 2 ms
2025-10-16T12:58:27.711-06:00  INFO 25888 --- [rockStadium] [           main] c.e.r.c.UserPreferenceControllerTest     : Started UserPreferenceControllerTest in 4.455 seconds (process running for 5.977)
2025-10-16T12:58:28.205-06:00  INFO 25888 --- [rockStadium] [           main] c.e.r.c.UserPreferenceController         : ⚙️ Actualizando preferencias del usuario: 1
]]></system-out>
  </testcase>
  <testcase name="testRemoveFavoriteArtist_Success" classname="com.example.rockStadium.controller.UserPreferenceControllerTest" time="0.014">
    <system-out><![CDATA[2025-10-16T12:58:28.384-06:00  INFO 25888 --- [rockStadium] [           main] c.e.r.c.UserPreferenceController         : ➖ Eliminando artista favorito del usuario: 1
]]></system-out>
  </testcase>
  <testcase name="testAddFavoriteArtist_Success" classname="com.example.rockStadium.controller.UserPreferenceControllerTest" time="0.025">
    <system-out><![CDATA[2025-10-16T12:58:28.413-06:00  INFO 25888 --- [rockStadium] [           main] c.e.r.c.UserPreferenceController         : ➕ Agregando artista favorito para usuario: 1
]]></system-out>
  </testcase>
  <testcase name="testGetFavoriteGenres_Success" classname="com.example.rockStadium.controller.UserPreferenceControllerTest" time="0.044">
    <system-out><![CDATA[2025-10-16T12:58:28.432-06:00  INFO 25888 --- [rockStadium] [           main] c.e.r.c.UserPreferenceController         : 🎵 Obteniendo géneros favoritos del usuario: 1
]]></system-out>
  </testcase>
  <testcase name="testRemoveFavoriteGenre_Success" classname="com.example.rockStadium.controller.UserPreferenceControllerTest" time="0.032">
    <system-out><![CDATA[2025-10-16T12:58:28.485-06:00  INFO 25888 --- [rockStadium] [           main] c.e.r.c.UserPreferenceController         : ➖ Eliminando género favorito del usuario: 1
]]></system-out>
  </testcase>
  <testcase name="testGetPreferences_Success" classname="com.example.rockStadium.controller.UserPreferenceControllerTest" time="0.02">
    <system-out><![CDATA[2025-10-16T12:58:28.513-06:00  INFO 25888 --- [rockStadium] [           main] c.e.r.c.UserPreferenceController         : 📋 Obteniendo preferencias del usuario: 1
]]></system-out>
  </testcase>
  <testcase name="testGetFavoriteArtists_Success" classname="com.example.rockStadium.controller.UserPreferenceControllerTest" time="0.016">
    <system-out><![CDATA[2025-10-16T12:58:28.536-06:00  INFO 25888 --- [rockStadium] [           main] c.e.r.c.UserPreferenceController         : 🎸 Obteniendo artistas favoritos del usuario: 1
]]></system-out>
  </testcase>
  <testcase name="testUpdatePreferences_InvalidRadiusTooLarge" classname="com.example.rockStadium.controller.UserPreferenceControllerTest" time="0.036">
    <system-out><![CDATA[2025-10-16T12:58:28.583-06:00  WARN 25888 --- [rockStadium] [           main] .w.s.m.s.DefaultHandlerExceptionResolver : Resolved [org.springframework.web.bind.MethodArgumentNotValidException: Validation failed for argument [1] in public org.springframework.http.ResponseEntity<com.example.rockStadium.dto.UserPreferenceResponse> com.example.rockStadium.controller.UserPreferenceController.updatePreferences(java.lang.Integer,com.example.rockStadium.dto.UserPreferenceRequest): [Field error in object 'userPreferenceRequest' on field 'searchRadiusKm': rejected value [100.0]; codes [DecimalMax.userPreferenceRequest.searchRadiusKm,DecimalMax.searchRadiusKm,DecimalMax.java.math.BigDecimal,DecimalMax]; arguments [org.springframework.context.support.DefaultMessageSourceResolvable: codes [userPreferenceRequest.searchRadiusKm,searchRadiusKm]; arguments []; default message [searchRadiusKm],true,50.0]; default message [El radio máximo es 50 km]] ]
]]></system-out>
  </testcase>
  <testcase name="testUpdatePreferences_InvalidRadiusTooSmall" classname="com.example.rockStadium.controller.UserPreferenceControllerTest" time="0.029">
    <system-out><![CDATA[2025-10-16T12:58:28.613-06:00  WARN 25888 --- [rockStadium] [           main] .w.s.m.s.DefaultHandlerExceptionResolver : Resolved [org.springframework.web.bind.MethodArgumentNotValidException: Validation failed for argument [1] in public org.springframework.http.ResponseEntity<com.example.rockStadium.dto.UserPreferenceResponse> com.example.rockStadium.controller.UserPreferenceController.updatePreferences(java.lang.Integer,com.example.rockStadium.dto.UserPreferenceRequest): [Field error in object 'userPreferenceRequest' on field 'searchRadiusKm': rejected value [2.0]; codes [DecimalMin.userPreferenceRequest.searchRadiusKm,DecimalMin.searchRadiusKm,DecimalMin.java.math.BigDecimal,DecimalMin]; arguments [org.springframework.context.support.DefaultMessageSourceResolvable: codes [userPreferenceRequest.searchRadiusKm,searchRadiusKm]; arguments []; default message [searchRadiusKm],true,5.0]; default message [El radio mínimo es 5 km]] ]
]]></system-out>
  </testcase>
  <testcase name="testAddFavoriteGenre_Success" classname="com.example.rockStadium.controller.UserPreferenceControllerTest" time="0.027">
    <system-out><![CDATA[2025-10-16T12:58:28.642-06:00  INFO 25888 --- [rockStadium] [           main] c.e.r.c.UserPreferenceController         : ➕ Agregando género favorito para usuario: 1
]]></system-out>
  </testcase>
  <testcase name="testGetAllGenres_Success" classname="com.example.rockStadium.controller.UserPreferenceControllerTest" time="0.015">
    <system-out><![CDATA[2025-10-16T12:58:28.660-06:00  INFO 25888 --- [rockStadium] [           main] c.e.r.c.UserPreferenceController         : 📚 Obteniendo catálogo de géneros
]]></system-out>
  </testcase>
</testsuite>